<?xml version="1.0" encoding="UTF-8"?>
<testng-results skipped="0" failed="0" total="1" passed="1">
  <reporter-output>
  </reporter-output>
  <suite name="Default suite" duration-ms="48" started-at="2016-11-02T18:48:56Z" finished-at="2016-11-02T18:48:56Z">
    <groups>
    </groups>
    <test name="Default test" duration-ms="48" started-at="2016-11-02T18:48:56Z" finished-at="2016-11-02T18:48:56Z">
      <class name="org.vmware.tester.Test1">
        <test-method status="PASS" signature="b1()[pri:0, instance:org.vmware.tester.Test1@7f2502bc]" name="b1" is-config="true" duration-ms="10" started-at="2016-11-02T11:48:56Z" finished-at="2016-11-02T11:48:56Z">
          <reporter-output>
          </reporter-output>
        </test-method> <!-- b1 -->
        <test-method status="PASS" signature="b2()[pri:0, instance:org.vmware.tester.Test1@7f2502bc]" name="b2" is-config="true" duration-ms="0" started-at="2016-11-02T11:48:56Z" finished-at="2016-11-02T11:48:56Z">
          <reporter-output>
          </reporter-output>
        </test-method> <!-- b2 -->
        <test-method status="PASS" signature="myTest1()[pri:0, instance:org.vmware.tester.Test1@7f2502bc]" name="myTest1" duration-ms="7" started-at="2016-11-02T11:48:56Z" finished-at="2016-11-02T11:48:56Z">
          <reporter-output>
          </reporter-output>
        </test-method> <!-- myTest1 -->
      </class> <!-- org.vmware.tester.Test1 -->
    </test> <!-- Default test -->
  </suite> <!-- Default suite -->
</testng-results>
